{
  "RSpec": {
    "coverage": {
      "/home/dylan/rpg_try/spec/models/player_spec.rb": [
        1,
        null,
        1,
        null,
        null
      ],
      "/home/dylan/rpg_try/spec/rails_helper.rb": [
        null,
        1,
        1,
        1,
        1,
        null,
        null,
        null,
        null,
        null,
        null,
        null,
        null,
        null,
        null,
        null,
        null,
        null,
        null,
        null,
        null,
        null,
        null,
        null,
        1,
        null,
        1,
        null,
        1,
        null,
        null,
        null,
        null,
        1,
        null,
        null,
        null,
        null,
        null,
        null,
        null,
        null,
        null,
        null,
        null,
        null,
        null,
        null,
        1,
        null
      ],
      "/home/dylan/rpg_try/config/environment.rb": [
        null,
        1,
        null,
        null,
        1
      ],
      "/home/dylan/rpg_try/config/application.rb": [
        1,
        null,
        1,
        null,
        null,
        null,
        1,
        null,
        1,
        1,
        null,
        null,
        null,
        null,
        null,
        null,
        null,
        null,
        null,
        null,
        null,
        null,
        null,
        1,
        null,
        null
      ],
      "/home/dylan/rpg_try/config/boot.rb": [
        1,
        null,
        1
      ],
      "/home/dylan/rpg_try/config/environments/test.rb": [
        1,
        null,
        null,
        null,
        null,
        null,
        null,
        1,
        null,
        null,
        null,
        null,
        1,
        null,
        null,
        1,
        1,
        null,
        null,
        1,
        1,
        null,
        null,
        1,
        null,
        null,
        1,
        null,
        null,
        null,
        null,
        1,
        null,
        null,
        1,
        null,
        null,
        1,
        null,
        null,
        null,
        null
      ],
      "/home/dylan/rpg_try/config/initializers/assets.rb": [
        null,
        null,
        null,
        1,
        null,
        null,
        null,
        null,
        null,
        null,
        null
      ],
      "/home/dylan/rpg_try/config/initializers/backtrace_silencers.rb": [
        null,
        null,
        null,
        null,
        null,
        null,
        null
      ],
      "/home/dylan/rpg_try/config/initializers/cookies_serializer.rb": [
        null,
        null,
        1
      ],
      "/home/dylan/rpg_try/config/initializers/filter_parameter_logging.rb": [
        null,
        null,
        null,
        1
      ],
      "/home/dylan/rpg_try/config/initializers/inflections.rb": [
        null,
        null,
        null,
        null,
        null,
        null,
        null,
        null,
        null,
        null,
        null,
        null,
        null,
        null,
        null,
        null
      ],
      "/home/dylan/rpg_try/config/initializers/mime_types.rb": [
        null,
        null,
        null,
        null
      ],
      "/home/dylan/rpg_try/config/initializers/session_store.rb": [
        null,
        null,
        1
      ],
      "/home/dylan/rpg_try/config/initializers/wrap_parameters.rb": [
        null,
        null,
        null,
        null,
        null,
        null,
        1,
        1,
        null,
        null,
        null,
        null,
        null,
        null
      ],
      "/home/dylan/rpg_try/spec/factories.rb": [
        1,
        1,
        1,
        1,
        1,
        1,
        1,
        null,
        null,
        1,
        null,
        null
      ],
      "/home/dylan/rpg_try/config/routes.rb": [
        1,
        null,
        null,
        null,
        null,
        null,
        null,
        null,
        null,
        null,
        null,
        null,
        null,
        null,
        null,
        null,
        null,
        null,
        null,
        null,
        null,
        null,
        null,
        null,
        null,
        null,
        null,
        null,
        null,
        null,
        null,
        null,
        null,
        null,
        null,
        null,
        null,
        null,
        null,
        null,
        null,
        null,
        null,
        null,
        null,
        null,
        null,
        null,
        null,
        null,
        null,
        null,
        null,
        null,
        null,
        null
      ],
      "/home/dylan/rpg_try/app/helpers/application_helper.rb": [
        1,
        null
      ],
      "/home/dylan/rpg_try/app/models/player.rb": [
        1,
        null
      ],
      "/home/dylan/rpg_try/spec/models/user_spec.rb": [
        1,
        null,
        1,
        1,
        3,
        null,
        null,
        4,
        2,
        2,
        2,
        null
      ],
      "/home/dylan/rpg_try/app/models/user.rb": [
        1,
        1,
        null
      ]
    },
    "timestamp": 1422029849
  }
}
